{"/home/gcloud/proyecto_sgmm/backend/src/modules/audit/logger.ts": {"path":"/home/gcloud/proyecto_sgmm/backend/src/modules/audit/logger.ts","statementMap":{"0":{"start":{"line":13,"column":0},"end":{"line":13,"column":16}},"1":{"start":{"line":19,"column":0},"end":{"line":19,"column":16}},"2":{"start":{"line":32,"column":0},"end":{"line":32,"column":16}},"3":{"start":{"line":14,"column":2},"end":{"line":14,"column":58}},"4":{"start":{"line":14,"column":42},"end":{"line":14,"column":58}},"5":{"start":{"line":15,"column":2},"end":{"line":15,"column":58}},"6":{"start":{"line":15,"column":42},"end":{"line":15,"column":58}},"7":{"start":{"line":16,"column":2},"end":{"line":16,"column":18}},"8":{"start":{"line":20,"column":69},"end":{"line":20,"column":71}},"9":{"start":{"line":21,"column":2},"end":{"line":21,"column":40}},"10":{"start":{"line":21,"column":25},"end":{"line":21,"column":40}},"11":{"start":{"line":22,"column":15},"end":{"line":22,"column":71}},"12":{"start":{"line":23,"column":2},"end":{"line":28,"column":5}},"13":{"start":{"line":24,"column":15},"end":{"line":24,"column":32}},"14":{"start":{"line":25,"column":15},"end":{"line":25,"column":31}},"15":{"start":{"line":26,"column":17},"end":{"line":26,"column":129}},"16":{"start":{"line":27,"column":4},"end":{"line":27,"column":63}},"17":{"start":{"line":27,"column":15},"end":{"line":27,"column":63}},"18":{"start":{"line":29,"column":2},"end":{"line":29,"column":17}},"19":{"start":{"line":33,"column":2},"end":{"line":55,"column":4}},"20":{"start":{"line":35,"column":6},"end":{"line":53,"column":7}},"21":{"start":{"line":36,"column":36},"end":{"line":36,"column":72}},"22":{"start":{"line":37,"column":24},"end":{"line":37,"column":57}},"23":{"start":{"line":38,"column":8},"end":{"line":50,"column":11}}},"fnMap":{"0":{"name":"mapDomainActionToAuditAction","decl":{"start":{"line":13,"column":16},"end":{"line":13,"column":44}},"loc":{"start":{"line":13,"column":65},"end":{"line":17,"column":1}}},"1":{"name":"diffObjects","decl":{"start":{"line":19,"column":16},"end":{"line":19,"column":27}},"loc":{"start":{"line":19,"column":51},"end":{"line":30,"column":1}}},"2":{"name":"(anonymous_2)","decl":{"start":{"line":23,"column":15},"end":{"line":23,"column":16}},"loc":{"start":{"line":23,"column":21},"end":{"line":28,"column":3}}},"3":{"name":"getPrismaAuditLogger","decl":{"start":{"line":32,"column":16},"end":{"line":32,"column":36}},"loc":{"start":{"line":32,"column":57},"end":{"line":56,"column":1}}},"4":{"name":"(anonymous_4)","decl":{"start":{"line":34,"column":4},"end":{"line":34,"column":9}},"loc":{"start":{"line":34,"column":90},"end":{"line":54,"column":5}}}},"branchMap":{"0":{"loc":{"start":{"line":14,"column":2},"end":{"line":14,"column":58}},"type":"if","locations":[{"start":{"line":14,"column":2},"end":{"line":14,"column":58}}]},"1":{"loc":{"start":{"line":15,"column":2},"end":{"line":15,"column":58}},"type":"if","locations":[{"start":{"line":15,"column":2},"end":{"line":15,"column":58}}]},"2":{"loc":{"start":{"line":21,"column":2},"end":{"line":21,"column":40}},"type":"if","locations":[{"start":{"line":21,"column":2},"end":{"line":21,"column":40}}]},"3":{"loc":{"start":{"line":21,"column":6},"end":{"line":21,"column":23}},"type":"binary-expr","locations":[{"start":{"line":21,"column":6},"end":{"line":21,"column":13}},{"start":{"line":21,"column":17},"end":{"line":21,"column":23}}]},"4":{"loc":{"start":{"line":26,"column":17},"end":{"line":26,"column":129}},"type":"cond-expr","locations":[{"start":{"line":26,"column":60},"end":{"line":26,"column":87}},{"start":{"line":26,"column":90},"end":{"line":26,"column":129}}]},"5":{"loc":{"start":{"line":26,"column":18},"end":{"line":26,"column":56}},"type":"binary-expr","locations":[{"start":{"line":26,"column":18},"end":{"line":26,"column":35}},{"start":{"line":26,"column":39},"end":{"line":26,"column":56}}]},"6":{"loc":{"start":{"line":27,"column":4},"end":{"line":27,"column":63}},"type":"if","locations":[{"start":{"line":27,"column":4},"end":{"line":27,"column":63}}]},"7":{"loc":{"start":{"line":41,"column":24},"end":{"line":41,"column":55}},"type":"binary-expr","locations":[{"start":{"line":41,"column":24},"end":{"line":41,"column":41}},{"start":{"line":41,"column":45},"end":{"line":41,"column":55}}]},"8":{"loc":{"start":{"line":48,"column":24},"end":{"line":48,"column":83}},"type":"cond-expr","locations":[{"start":{"line":48,"column":46},"end":{"line":48,"column":75}},{"start":{"line":48,"column":78},"end":{"line":48,"column":83}}]}},"s":{"0":1,"1":1,"2":1,"3":7,"4":2,"5":5,"6":2,"7":3,"8":1,"9":1,"10":0,"11":1,"12":1,"13":4,"14":4,"15":4,"16":4,"17":3,"18":1,"19":0,"20":0,"21":0,"22":0,"23":0},"f":{"0":7,"1":1,"2":4,"3":0,"4":0},"b":{"0":[2],"1":[2],"2":[0],"3":[1,1],"4":[0,4],"5":[4,0],"6":[3],"7":[0,0],"8":[0,0]}}
,"/home/gcloud/proyecto_sgmm/backend/src/modules/collaboratorSummary/service.ts": {"path":"/home/gcloud/proyecto_sgmm/backend/src/modules/collaboratorSummary/service.ts","statementMap":{"0":{"start":{"line":6,"column":21},"end":{"line":6,"column":50}},"1":{"start":{"line":7,"column":21},"end":{"line":7,"column":52}},"2":{"start":{"line":11,"column":21},"end":{"line":11,"column":62}},"3":{"start":{"line":12,"column":4},"end":{"line":12,"column":57}},"4":{"start":{"line":12,"column":19},"end":{"line":12,"column":57}},"5":{"start":{"line":13,"column":19},"end":{"line":13,"column":73}},"6":{"start":{"line":14,"column":21},"end":{"line":14,"column":77}},"7":{"start":{"line":15,"column":4},"end":{"line":21,"column":6}},"8":{"start":{"line":4,"column":0},"end":{"line":4,"column":13}}},"fnMap":{"0":{"name":"(anonymous_0)","decl":{"start":{"line":5,"column":2},"end":{"line":5,"column":null}},"loc":{"start":{"line":7,"column":52},"end":{"line":8,"column":6}}},"1":{"name":"(anonymous_1)","decl":{"start":{"line":10,"column":2},"end":{"line":10,"column":7}},"loc":{"start":{"line":10,"column":37},"end":{"line":22,"column":3}}}},"branchMap":{"0":{"loc":{"start":{"line":12,"column":4},"end":{"line":12,"column":57}},"type":"if","locations":[{"start":{"line":12,"column":4},"end":{"line":12,"column":57}}]}},"s":{"0":1,"1":1,"2":1,"3":1,"4":0,"5":1,"6":1,"7":1,"8":1},"f":{"0":1,"1":1},"b":{"0":[0]}}
,"/home/gcloud/proyecto_sgmm/backend/src/modules/dependents/service.ts": {"path":"/home/gcloud/proyecto_sgmm/backend/src/modules/dependents/service.ts","statementMap":{"0":{"start":{"line":5,"column":21},"end":{"line":5,"column":46}},"1":{"start":{"line":6,"column":21},"end":{"line":6,"column":57}},"2":{"start":{"line":7,"column":21},"end":{"line":7,"column":39}},"3":{"start":{"line":8,"column":21},"end":{"line":8,"column":39}},"4":{"start":{"line":12,"column":4},"end":{"line":12,"column":54}},"5":{"start":{"line":16,"column":4},"end":{"line":16,"column":56}},"6":{"start":{"line":21,"column":16},"end":{"line":21,"column":26}},"7":{"start":{"line":22,"column":4},"end":{"line":24,"column":5}},"8":{"start":{"line":23,"column":6},"end":{"line":23,"column":60}},"9":{"start":{"line":25,"column":20},"end":{"line":25,"column":75}},"10":{"start":{"line":26,"column":16},"end":{"line":26,"column":62}},"11":{"start":{"line":27,"column":4},"end":{"line":27,"column":73}},"12":{"start":{"line":27,"column":31},"end":{"line":27,"column":73}},"13":{"start":{"line":29,"column":19},"end":{"line":29,"column":73}},"14":{"start":{"line":30,"column":4},"end":{"line":30,"column":62}},"15":{"start":{"line":30,"column":17},"end":{"line":30,"column":62}},"16":{"start":{"line":32,"column":19},"end":{"line":32,"column":63}},"17":{"start":{"line":33,"column":20},"end":{"line":33,"column":30}},"18":{"start":{"line":36,"column":20},"end":{"line":36,"column":87}},"19":{"start":{"line":37,"column":4},"end":{"line":37,"column":145}},"20":{"start":{"line":38,"column":4},"end":{"line":38,"column":19}},"21":{"start":{"line":42,"column":19},"end":{"line":42,"column":47}},"22":{"start":{"line":43,"column":4},"end":{"line":43,"column":56}},"23":{"start":{"line":43,"column":17},"end":{"line":43,"column":56}},"24":{"start":{"line":45,"column":4},"end":{"line":47,"column":5}},"25":{"start":{"line":46,"column":6},"end":{"line":46,"column":60}},"26":{"start":{"line":48,"column":20},"end":{"line":48,"column":52}},"27":{"start":{"line":49,"column":4},"end":{"line":49,"column":139}},"28":{"start":{"line":50,"column":4},"end":{"line":50,"column":19}},"29":{"start":{"line":54,"column":19},"end":{"line":54,"column":47}},"30":{"start":{"line":55,"column":4},"end":{"line":55,"column":56}},"31":{"start":{"line":55,"column":17},"end":{"line":55,"column":56}},"32":{"start":{"line":56,"column":16},"end":{"line":56,"column":26}},"33":{"start":{"line":57,"column":20},"end":{"line":57,"column":99}},"34":{"start":{"line":58,"column":4},"end":{"line":58,"column":139}},"35":{"start":{"line":59,"column":4},"end":{"line":59,"column":19}},"36":{"start":{"line":63,"column":19},"end":{"line":63,"column":47}},"37":{"start":{"line":64,"column":4},"end":{"line":64,"column":56}},"38":{"start":{"line":64,"column":17},"end":{"line":64,"column":56}},"39":{"start":{"line":65,"column":20},"end":{"line":65,"column":93}},"40":{"start":{"line":66,"column":4},"end":{"line":66,"column":139}},"41":{"start":{"line":67,"column":4},"end":{"line":67,"column":19}},"42":{"start":{"line":3,"column":0},"end":{"line":3,"column":13}}},"fnMap":{"0":{"name":"(anonymous_0)","decl":{"start":{"line":4,"column":2},"end":{"line":4,"column":null}},"loc":{"start":{"line":8,"column":39},"end":{"line":9,"column":6}}},"1":{"name":"(anonymous_1)","decl":{"start":{"line":11,"column":2},"end":{"line":11,"column":7}},"loc":{"start":{"line":11,"column":37},"end":{"line":13,"column":3}}},"2":{"name":"(anonymous_2)","decl":{"start":{"line":15,"column":2},"end":{"line":15,"column":7}},"loc":{"start":{"line":15,"column":39},"end":{"line":17,"column":3}}},"3":{"name":"(anonymous_3)","decl":{"start":{"line":19,"column":2},"end":{"line":19,"column":7}},"loc":{"start":{"line":19,"column":170},"end":{"line":39,"column":3}}},"4":{"name":"(anonymous_4)","decl":{"start":{"line":41,"column":2},"end":{"line":41,"column":7}},"loc":{"start":{"line":41,"column":67},"end":{"line":51,"column":3}}},"5":{"name":"(anonymous_5)","decl":{"start":{"line":53,"column":2},"end":{"line":53,"column":7}},"loc":{"start":{"line":53,"column":45},"end":{"line":60,"column":3}}},"6":{"name":"(anonymous_6)","decl":{"start":{"line":62,"column":2},"end":{"line":62,"column":7}},"loc":{"start":{"line":62,"column":42},"end":{"line":68,"column":3}}}},"branchMap":{"0":{"loc":{"start":{"line":22,"column":4},"end":{"line":24,"column":5}},"type":"if","locations":[{"start":{"line":22,"column":4},"end":{"line":24,"column":5}}]},"1":{"loc":{"start":{"line":22,"column":8},"end":{"line":22,"column":60}},"type":"binary-expr","locations":[{"start":{"line":22,"column":8},"end":{"line":22,"column":24}},{"start":{"line":22,"column":28},"end":{"line":22,"column":60}}]},"2":{"loc":{"start":{"line":27,"column":4},"end":{"line":27,"column":73}},"type":"if","locations":[{"start":{"line":27,"column":4},"end":{"line":27,"column":73}}]},"3":{"loc":{"start":{"line":30,"column":4},"end":{"line":30,"column":62}},"type":"if","locations":[{"start":{"line":30,"column":4},"end":{"line":30,"column":62}}]},"4":{"loc":{"start":{"line":43,"column":4},"end":{"line":43,"column":56}},"type":"if","locations":[{"start":{"line":43,"column":4},"end":{"line":43,"column":56}}]},"5":{"loc":{"start":{"line":45,"column":4},"end":{"line":47,"column":5}},"type":"if","locations":[{"start":{"line":45,"column":4},"end":{"line":47,"column":5}}]},"6":{"loc":{"start":{"line":45,"column":8},"end":{"line":45,"column":65}},"type":"binary-expr","locations":[{"start":{"line":45,"column":8},"end":{"line":45,"column":23}},{"start":{"line":45,"column":27},"end":{"line":45,"column":65}}]},"7":{"loc":{"start":{"line":55,"column":4},"end":{"line":55,"column":56}},"type":"if","locations":[{"start":{"line":55,"column":4},"end":{"line":55,"column":56}}]},"8":{"loc":{"start":{"line":64,"column":4},"end":{"line":64,"column":56}},"type":"if","locations":[{"start":{"line":64,"column":4},"end":{"line":64,"column":56}}]}},"s":{"0":3,"1":3,"2":3,"3":3,"4":0,"5":0,"6":1,"7":1,"8":0,"9":1,"10":1,"11":1,"12":0,"13":1,"14":1,"15":0,"16":1,"17":1,"18":1,"19":1,"20":1,"21":0,"22":0,"23":0,"24":0,"25":0,"26":0,"27":0,"28":0,"29":1,"30":1,"31":0,"32":1,"33":1,"34":1,"35":1,"36":1,"37":1,"38":0,"39":1,"40":1,"41":1,"42":1},"f":{"0":3,"1":0,"2":0,"3":1,"4":0,"5":1,"6":1},"b":{"0":[0],"1":[1,1],"2":[0],"3":[0],"4":[0],"5":[0],"6":[0,0],"7":[0],"8":[0]}}
,"/home/gcloud/proyecto_sgmm/backend/src/modules/employees/service.ts": {"path":"/home/gcloud/proyecto_sgmm/backend/src/modules/employees/service.ts","statementMap":{"0":{"start":{"line":5,"column":21},"end":{"line":5,"column":51}},"1":{"start":{"line":6,"column":21},"end":{"line":6,"column":39}},"2":{"start":{"line":10,"column":4},"end":{"line":10,"column":40}},"3":{"start":{"line":14,"column":19},"end":{"line":14,"column":53}},"4":{"start":{"line":15,"column":4},"end":{"line":15,"column":55}},"5":{"start":{"line":15,"column":17},"end":{"line":15,"column":55}},"6":{"start":{"line":17,"column":20},"end":{"line":17,"column":58}},"7":{"start":{"line":18,"column":4},"end":{"line":25,"column":7}},"8":{"start":{"line":26,"column":4},"end":{"line":26,"column":19}},"9":{"start":{"line":3,"column":0},"end":{"line":3,"column":13}}},"fnMap":{"0":{"name":"(anonymous_0)","decl":{"start":{"line":4,"column":2},"end":{"line":4,"column":null}},"loc":{"start":{"line":6,"column":39},"end":{"line":7,"column":6}}},"1":{"name":"(anonymous_1)","decl":{"start":{"line":9,"column":2},"end":{"line":9,"column":7}},"loc":{"start":{"line":9,"column":26},"end":{"line":11,"column":3}}},"2":{"name":"(anonymous_2)","decl":{"start":{"line":13,"column":2},"end":{"line":13,"column":7}},"loc":{"start":{"line":13,"column":66},"end":{"line":27,"column":3}}}},"branchMap":{"0":{"loc":{"start":{"line":15,"column":4},"end":{"line":15,"column":55}},"type":"if","locations":[{"start":{"line":15,"column":4},"end":{"line":15,"column":55}}]}},"s":{"0":2,"1":2,"2":1,"3":1,"4":1,"5":0,"6":1,"7":1,"8":1,"9":1},"f":{"0":2,"1":1,"2":1},"b":{"0":[0]}}
,"/home/gcloud/proyecto_sgmm/backend/src/modules/employees/adapters/prismaEmployeeRepository.ts": {"path":"/home/gcloud/proyecto_sgmm/backend/src/modules/employees/adapters/prismaEmployeeRepository.ts","statementMap":{"0":{"start":{"line":5,"column":31},"end":{"line":5,"column":51}},"1":{"start":{"line":8,"column":4},"end":{"line":8,"column":100}},"2":{"start":{"line":12,"column":4},"end":{"line":12,"column":103}},"3":{"start":{"line":16,"column":39},"end":{"line":16,"column":41}},"4":{"start":{"line":17,"column":39},"end":{"line":25,"column":6}},"5":{"start":{"line":26,"column":4},"end":{"line":31,"column":5}},"6":{"start":{"line":27,"column":6},"end":{"line":30,"column":7}},"7":{"start":{"line":29,"column":8},"end":{"line":29,"column":33}},"8":{"start":{"line":32,"column":20},"end":{"line":32,"column":94}},"9":{"start":{"line":33,"column":4},"end":{"line":33,"column":42}},"10":{"start":{"line":37,"column":14},"end":{"line":37,"column":26}},"11":{"start":{"line":38,"column":19},"end":{"line":38,"column":60}},"12":{"start":{"line":38,"column":46},"end":{"line":38,"column":59}},"13":{"start":{"line":39,"column":28},"end":{"line":39,"column":107}},"14":{"start":{"line":39,"column":45},"end":{"line":39,"column":105}},"15":{"start":{"line":40,"column":23},"end":{"line":46,"column":6}},"16":{"start":{"line":47,"column":4},"end":{"line":49,"column":5}},"17":{"start":{"line":48,"column":6},"end":{"line":48,"column":35}},"18":{"start":{"line":50,"column":17},"end":{"line":50,"column":104}},"19":{"start":{"line":51,"column":4},"end":{"line":51,"column":41}},"20":{"start":{"line":4,"column":0},"end":{"line":4,"column":13}}},"fnMap":{"0":{"name":"(anonymous_0)","decl":{"start":{"line":5,"column":2},"end":{"line":5,"column":31}},"loc":{"start":{"line":5,"column":51},"end":{"line":5,"column":55}}},"1":{"name":"(anonymous_1)","decl":{"start":{"line":7,"column":2},"end":{"line":7,"column":7}},"loc":{"start":{"line":7,"column":27},"end":{"line":9,"column":3}}},"2":{"name":"(anonymous_2)","decl":{"start":{"line":11,"column":2},"end":{"line":11,"column":7}},"loc":{"start":{"line":11,"column":33},"end":{"line":13,"column":3}}},"3":{"name":"(anonymous_3)","decl":{"start":{"line":15,"column":2},"end":{"line":15,"column":7}},"loc":{"start":{"line":15,"column":50},"end":{"line":34,"column":3}}},"4":{"name":"(anonymous_4)","decl":{"start":{"line":36,"column":2},"end":{"line":36,"column":7}},"loc":{"start":{"line":36,"column":47},"end":{"line":52,"column":3}}},"5":{"name":"(anonymous_5)","decl":{"start":{"line":38,"column":41},"end":{"line":38,"column":42}},"loc":{"start":{"line":38,"column":46},"end":{"line":38,"column":59}}},"6":{"name":"(anonymous_6)","decl":{"start":{"line":39,"column":39},"end":{"line":39,"column":40}},"loc":{"start":{"line":39,"column":45},"end":{"line":39,"column":105}}}},"branchMap":{"0":{"loc":{"start":{"line":27,"column":6},"end":{"line":30,"column":7}},"type":"if","locations":[{"start":{"line":27,"column":6},"end":{"line":30,"column":7}}]},"1":{"loc":{"start":{"line":44,"column":12},"end":{"line":44,"column":59}},"type":"cond-expr","locations":[{"start":{"line":44,"column":28},"end":{"line":44,"column":54}},{"start":{"line":44,"column":57},"end":{"line":44,"column":59}}]},"2":{"loc":{"start":{"line":47,"column":4},"end":{"line":49,"column":5}},"type":"if","locations":[{"start":{"line":47,"column":4},"end":{"line":49,"column":5}}]},"3":{"loc":{"start":{"line":47,"column":8},"end":{"line":47,"column":40}},"type":"binary-expr","locations":[{"start":{"line":47,"column":8},"end":{"line":47,"column":17}},{"start":{"line":47,"column":21},"end":{"line":47,"column":40}}]}},"s":{"0":3,"1":0,"2":3,"3":0,"4":0,"5":0,"6":0,"7":0,"8":0,"9":0,"10":0,"11":0,"12":0,"13":0,"14":0,"15":0,"16":0,"17":0,"18":0,"19":0,"20":1},"f":{"0":3,"1":0,"2":3,"3":0,"4":0,"5":0,"6":0},"b":{"0":[0],"1":[0,0],"2":[0],"3":[0,0]}}
}
