TN:
SF:src/modules/audit/logger.ts
FN:13,mapDomainActionToAuditAction
FN:19,diffObjects
FN:23,(anonymous_2)
FN:32,getPrismaAuditLogger
FN:34,(anonymous_4)
FNF:5
FNH:3
FNDA:7,mapDomainActionToAuditAction
FNDA:1,diffObjects
FNDA:4,(anonymous_2)
FNDA:0,getPrismaAuditLogger
FNDA:0,(anonymous_4)
DA:13,1
DA:14,7
DA:15,5
DA:16,3
DA:19,1
DA:20,1
DA:21,1
DA:22,1
DA:23,1
DA:24,4
DA:25,4
DA:26,4
DA:27,4
DA:29,1
DA:32,1
DA:33,0
DA:35,0
DA:36,0
DA:37,0
DA:38,0
LF:20
LH:15
BRDA:14,0,0,2
BRDA:15,1,0,2
BRDA:21,2,0,0
BRDA:21,3,0,1
BRDA:21,3,1,1
BRDA:26,4,0,0
BRDA:26,4,1,4
BRDA:26,5,0,4
BRDA:26,5,1,0
BRDA:27,6,0,3
BRDA:41,7,0,0
BRDA:41,7,1,0
BRDA:48,8,0,0
BRDA:48,8,1,0
BRF:14
BRH:7
end_of_record
TN:
SF:src/modules/collaboratorSummary/service.ts
FN:5,(anonymous_0)
FN:10,(anonymous_1)
FNF:2
FNH:2
FNDA:1,(anonymous_0)
FNDA:1,(anonymous_1)
DA:4,1
DA:6,1
DA:7,1
DA:11,1
DA:12,1
DA:13,1
DA:14,1
DA:15,1
LF:8
LH:8
BRDA:12,0,0,0
BRF:1
BRH:0
end_of_record
TN:
SF:src/modules/dependents/service.ts
FN:4,(anonymous_0)
FN:11,(anonymous_1)
FN:15,(anonymous_2)
FN:19,(anonymous_3)
FN:41,(anonymous_4)
FN:53,(anonymous_5)
FN:62,(anonymous_6)
FNF:7
FNH:4
FNDA:3,(anonymous_0)
FNDA:0,(anonymous_1)
FNDA:0,(anonymous_2)
FNDA:1,(anonymous_3)
FNDA:0,(anonymous_4)
FNDA:1,(anonymous_5)
FNDA:1,(anonymous_6)
DA:3,1
DA:5,3
DA:6,3
DA:7,3
DA:8,3
DA:12,0
DA:16,0
DA:21,1
DA:22,1
DA:23,0
DA:25,1
DA:26,1
DA:27,1
DA:29,1
DA:30,1
DA:32,1
DA:33,1
DA:36,1
DA:37,1
DA:38,1
DA:42,0
DA:43,0
DA:45,0
DA:46,0
DA:48,0
DA:49,0
DA:50,0
DA:54,1
DA:55,1
DA:56,1
DA:57,1
DA:58,1
DA:59,1
DA:63,1
DA:64,1
DA:65,1
DA:66,1
DA:67,1
LF:38
LH:28
BRDA:22,0,0,0
BRDA:22,1,0,1
BRDA:22,1,1,1
BRDA:27,2,0,0
BRDA:30,3,0,0
BRDA:43,4,0,0
BRDA:45,5,0,0
BRDA:45,6,0,0
BRDA:45,6,1,0
BRDA:55,7,0,0
BRDA:64,8,0,0
BRF:11
BRH:2
end_of_record
TN:
SF:src/modules/employees/service.ts
FN:4,(anonymous_0)
FN:9,(anonymous_1)
FN:13,(anonymous_2)
FNF:3
FNH:3
FNDA:2,(anonymous_0)
FNDA:1,(anonymous_1)
FNDA:1,(anonymous_2)
DA:3,1
DA:5,2
DA:6,2
DA:10,1
DA:14,1
DA:15,1
DA:17,1
DA:18,1
DA:26,1
LF:9
LH:9
BRDA:15,0,0,0
BRF:1
BRH:0
end_of_record
TN:
SF:src/modules/employees/adapters/prismaEmployeeRepository.ts
FN:5,(anonymous_0)
FN:7,(anonymous_1)
FN:11,(anonymous_2)
FN:15,(anonymous_3)
FN:36,(anonymous_4)
FN:38,(anonymous_5)
FN:39,(anonymous_6)
FNF:7
FNH:2
FNDA:3,(anonymous_0)
FNDA:0,(anonymous_1)
FNDA:3,(anonymous_2)
FNDA:0,(anonymous_3)
FNDA:0,(anonymous_4)
FNDA:0,(anonymous_5)
FNDA:0,(anonymous_6)
DA:4,1
DA:5,3
DA:8,0
DA:12,3
DA:16,0
DA:17,0
DA:26,0
DA:27,0
DA:29,0
DA:32,0
DA:33,0
DA:37,0
DA:38,0
DA:39,0
DA:40,0
DA:47,0
DA:48,0
DA:50,0
DA:51,0
LF:19
LH:3
BRDA:27,0,0,0
BRDA:44,1,0,0
BRDA:44,1,1,0
BRDA:47,2,0,0
BRDA:47,3,0,0
BRDA:47,3,1,0
BRF:6
BRH:0
end_of_record
